TN:
SF:src/redis-key-builder.ts
FN:2,RedisKeyBuilder
FN:8,counterKey
FN:12,pageKey
FN:16,bookKey
FN:20,tagKey
FNF:5
FNH:5
FNDA:13,RedisKeyBuilder
FNDA:12,counterKey
FNDA:12,pageKey
FNDA:29,bookKey
FNDA:21,tagKey
DA:1,1
DA:2,1
DA:3,13
DA:4,13
DA:5,13
DA:6,1
DA:7,1
DA:8,1
DA:9,12
DA:10,12
DA:11,1
DA:12,1
DA:13,12
DA:14,12
DA:15,1
DA:16,1
DA:17,29
DA:18,29
DA:19,1
DA:20,1
DA:21,21
DA:22,21
DA:23,1
LF:23
LH:23
BRDA:2,0,0,13
BRDA:8,1,0,12
BRDA:12,2,0,12
BRDA:16,3,0,29
BRDA:20,4,0,21
BRF:5
BRH:5
end_of_record
TN:
SF:src/redis-wal.ts
FN:24,modMinus
FN:28,estimateBulkSamplesBytesUpper
FN:42,RedisWAL
FN:54,initialize
FN:62,checkTimeTolerance
FN:79,upsertBulkSamples
FN:93,incrementCounter
FN:113,dumpDataToPage
FN:134,generateBookUpdateCommand
FN:141,queryRange
FN:147,fetchAllPagesWithRanks
FN:167,validateQueryRangeParams
FN:188,fetchDataForPagesInRange
FN:229,transformScoresToOriginalTimestamps
FNF:14
FNH:14
FNDA:52,modMinus
FNDA:12,estimateBulkSamplesBytesUpper
FNDA:13,RedisWAL
FNDA:1,initialize
FNDA:1,checkTimeTolerance
FNDA:12,upsertBulkSamples
FNDA:12,incrementCounter
FNDA:12,dumpDataToPage
FNDA:12,generateBookUpdateCommand
FNDA:10,queryRange
FNDA:4,fetchAllPagesWithRanks
FNDA:10,validateQueryRangeParams
FNDA:4,fetchDataForPagesInRange
FNDA:4,transformScoresToOriginalTimestamps
DA:1,1
DA:2,1
DA:3,1
DA:4,1
DA:5,1
DA:6,1
DA:7,1
DA:8,1
DA:9,1
DA:10,1
DA:11,1
DA:12,1
DA:13,1
DA:14,1
DA:15,1
DA:16,1
DA:17,1
DA:18,1
DA:19,1
DA:20,1
DA:21,1
DA:22,1
DA:23,1
DA:24,1
DA:25,52
DA:26,52
DA:27,1
DA:28,1
DA:29,12
DA:30,12
DA:31,1
DA:32,1
DA:33,11
DA:34,11
DA:35,12
DA:36,15
DA:37,15
DA:38,11
DA:39,11
DA:40,11
DA:41,1
DA:42,1
DA:43,13
DA:44,13
DA:45,13
DA:46,13
DA:47,13
DA:48,13
DA:49,13
DA:50,13
DA:51,13
DA:52,13
DA:53,1
DA:54,1
DA:55,1
DA:56,1
DA:57,1
DA:58,0
DA:59,0
DA:60,1
DA:61,1
DA:62,1
DA:63,1
DA:64,1
DA:65,1
DA:66,1
DA:67,1
DA:68,1
DA:69,1
DA:70,1
DA:71,1
DA:72,1
DA:73,1
DA:74,1
DA:75,1
DA:76,1
DA:77,1
DA:78,1
DA:79,1
DA:80,12
DA:81,12
DA:82,12
DA:83,12
DA:84,12
DA:85,12
DA:86,12
DA:87,12
DA:88,12
DA:89,12
DA:90,12
DA:91,12
DA:92,1
DA:93,1
DA:94,12
DA:95,12
DA:96,12
DA:97,12
DA:98,12
DA:99,12
DA:100,12
DA:101,12
DA:102,12
DA:103,12
DA:104,12
DA:105,12
DA:106,12
DA:107,12
DA:108,12
DA:109,12
DA:110,12
DA:111,12
DA:112,1
DA:113,1
DA:114,12
DA:115,12
DA:116,12
DA:117,15
DA:118,15
DA:119,15
DA:120,15
DA:121,15
DA:122,15
DA:123,12
DA:124,12
DA:125,12
DA:126,12
DA:127,12
DA:128,12
DA:129,12
DA:130,12
DA:131,12
DA:132,12
DA:133,1
DA:134,1
DA:135,12
DA:136,12
DA:137,12
DA:138,12
DA:139,12
DA:140,1
DA:141,1
DA:142,10
DA:143,10
DA:144,4
DA:145,4
DA:146,1
DA:147,1
DA:148,4
DA:149,4
DA:150,4
DA:151,4
DA:152,4
DA:153,4
DA:154,4
DA:155,4
DA:156,5
DA:157,5
DA:158,5
DA:159,5
DA:160,4
DA:161,4
DA:162,4
DA:163,4
DA:164,4
DA:165,4
DA:166,1
DA:167,1
DA:168,10
DA:169,10
DA:170,1
DA:171,1
DA:172,10
DA:173,2
DA:174,2
DA:175,10
DA:176,1
DA:177,1
DA:178,10
DA:179,1
DA:180,1
DA:181,10
DA:182,1
DA:183,1
DA:184,4
DA:185,4
DA:186,4
DA:187,1
DA:188,1
DA:189,4
DA:190,4
DA:191,4
DA:192,4
DA:193,5
DA:194,6
DA:195,6
DA:196,6
DA:197,6
DA:198,5
DA:199,4
DA:200,4
DA:201,4
DA:202,4
DA:203,4
DA:204,4
DA:205,4
DA:206,6
DA:207,6
DA:208,6
DA:209,8
DA:210,8
DA:211,8
DA:212,8
DA:213,8
DA:214,8
DA:215,8
DA:216,1
DA:217,1
DA:218,8
DA:219,8
DA:220,8
DA:221,6
DA:222,4
DA:223,4
DA:224,4
DA:225,4
DA:226,4
DA:227,4
DA:228,1
DA:229,1
DA:230,4
DA:231,4
DA:232,5
DA:233,7
DA:234,7
DA:235,7
DA:236,7
DA:237,5
DA:238,4
DA:239,4
DA:240,1
LF:240
LH:238
BRDA:24,0,0,52
BRDA:28,1,0,12
BRDA:30,2,0,1
BRDA:33,3,0,11
BRDA:35,4,0,15
BRDA:38,5,0,11
BRDA:42,6,0,13
BRDA:54,7,0,1
BRDA:57,8,0,0
BRDA:62,9,0,1
BRDA:79,10,0,12
BRDA:93,11,0,12
BRDA:113,12,0,12
BRDA:116,13,0,15
BRDA:118,14,0,13
BRDA:134,15,0,12
BRDA:141,16,0,10
BRDA:144,17,0,4
BRDA:147,18,0,4
BRDA:155,19,0,5
BRDA:167,20,0,10
BRDA:169,21,0,1
BRDA:172,22,0,9
BRDA:172,23,0,8
BRDA:172,24,0,2
BRDA:175,25,0,7
BRDA:175,26,0,1
BRDA:178,27,0,6
BRDA:178,28,0,1
BRDA:181,29,0,5
BRDA:181,30,0,1
BRDA:184,31,0,4
BRDA:188,32,0,4
BRDA:192,33,0,5
BRDA:193,34,0,6
BRDA:205,35,0,6
BRDA:208,36,0,8
BRDA:211,37,0,5
BRDA:212,38,0,7
BRDA:215,39,0,1
BRDA:229,40,0,4
BRDA:231,41,0,5
BRDA:232,42,0,7
BRF:43
BRH:42
end_of_record
